<?xml version="1.0" encoding="UTF-8"?>
<testng-results ignored="0" total="3" passed="3" failed="0" skipped="0">
  <reporter-output>
  </reporter-output>
  <suite started-at="2023-02-05T20:22:10 IST" name="Default suite" finished-at="2023-02-05T20:23:04 IST" duration-ms="53904">
    <groups>
    </groups>
    <test started-at="2023-02-05T20:22:10 IST" name="Default test" finished-at="2023-02-05T20:23:04 IST" duration-ms="53904">
      <class name="com.OrangeHRMApplicationPageTestCases.OrangeHRMLogInPageTest">
        <test-method is-config="true" signature="setUp()[pri:0, instance:com.OrangeHRMApplicationPageTestCases.OrangeHRMLogInPageTest@34f7cfd9]" started-at="2023-02-05T20:22:10 IST" name="setUp" finished-at="2023-02-05T20:22:36 IST" duration-ms="26421" status="PASS">
          <reporter-output>
          </reporter-output>
        </test-method> <!-- setUp -->
        <test-method signature="logInPageLogoValidationTest()[pri:1, instance:com.OrangeHRMApplicationPageTestCases.OrangeHRMLogInPageTest@34f7cfd9]" started-at="2023-02-05T20:22:36 IST" name="logInPageLogoValidationTest" description=" validating OrangeHRM Application LogIN Page Logo Test " finished-at="2023-02-05T20:22:37 IST" duration-ms="147" status="PASS">
          <reporter-output>
          </reporter-output>
        </test-method> <!-- logInPageLogoValidationTest -->
        <test-method is-config="true" signature="tearDown()[pri:0, instance:com.OrangeHRMApplicationPageTestCases.OrangeHRMLogInPageTest@34f7cfd9]" started-at="2023-02-05T20:22:37 IST" name="tearDown" finished-at="2023-02-05T20:22:39 IST" duration-ms="2559" status="PASS">
          <reporter-output>
          </reporter-output>
        </test-method> <!-- tearDown -->
        <test-method is-config="true" signature="setUp()[pri:0, instance:com.OrangeHRMApplicationPageTestCases.OrangeHRMLogInPageTest@34f7cfd9]" started-at="2023-02-05T20:22:39 IST" name="setUp" finished-at="2023-02-05T20:22:45 IST" duration-ms="6025" status="PASS">
          <reporter-output>
          </reporter-output>
        </test-method> <!-- setUp -->
        <test-method signature="logInPageTextValidationTest()[pri:2, instance:com.OrangeHRMApplicationPageTestCases.OrangeHRMLogInPageTest@34f7cfd9]" started-at="2023-02-05T20:22:45 IST" name="logInPageTextValidationTest" description=" validating OrangeHRM Application LogIN Page Text Test " finished-at="2023-02-05T20:22:45 IST" duration-ms="119" status="PASS">
          <reporter-output>
          </reporter-output>
        </test-method> <!-- logInPageTextValidationTest -->
        <test-method is-config="true" signature="tearDown()[pri:0, instance:com.OrangeHRMApplicationPageTestCases.OrangeHRMLogInPageTest@34f7cfd9]" started-at="2023-02-05T20:22:45 IST" name="tearDown" finished-at="2023-02-05T20:22:46 IST" duration-ms="932" status="PASS">
          <reporter-output>
          </reporter-output>
        </test-method> <!-- tearDown -->
        <test-method is-config="true" signature="setUp()[pri:0, instance:com.OrangeHRMApplicationPageTestCases.OrangeHRMLogInPageTest@34f7cfd9]" started-at="2023-02-05T20:22:46 IST" name="setUp" finished-at="2023-02-05T20:22:51 IST" duration-ms="5043" status="PASS">
          <reporter-output>
          </reporter-output>
        </test-method> <!-- setUp -->
        <test-method signature="logInPageLogInFuncationalityTest()[pri:3, instance:com.OrangeHRMApplicationPageTestCases.OrangeHRMLogInPageTest@34f7cfd9]" started-at="2023-02-05T20:22:51 IST" name="logInPageLogInFuncationalityTest" description=" validating OrangeHRM Application LogIN Page LogIn Funcationality Test " finished-at="2023-02-05T20:23:03 IST" duration-ms="11643" status="PASS">
          <reporter-output>
          </reporter-output>
        </test-method> <!-- logInPageLogInFuncationalityTest -->
        <test-method is-config="true" signature="tearDown()[pri:0, instance:com.OrangeHRMApplicationPageTestCases.OrangeHRMLogInPageTest@34f7cfd9]" started-at="2023-02-05T20:23:03 IST" name="tearDown" finished-at="2023-02-05T20:23:04 IST" duration-ms="816" status="PASS">
          <reporter-output>
          </reporter-output>
        </test-method> <!-- tearDown -->
      </class> <!-- com.OrangeHRMApplicationPageTestCases.OrangeHRMLogInPageTest -->
    </test> <!-- Default test -->
  </suite> <!-- Default suite -->
</testng-results>
