<?xml version="1.0" encoding="UTF-8"?>
<!-- Generated by org.testng.reporters.JUnitXMLReporter -->
<testsuite ignored="0" hostname="DESKTOP-TOG1MPN" failures="0" tests="3" name="Default test" time="53.904" errors="0" timestamp="2023-02-05T20:23:04 IST">
  <testcase classname="com.OrangeHRMApplicationPageTestCases.OrangeHRMLogInPageTest" name="logInPageLogoValidationTest" time="0.147"/>
  <testcase classname="com.OrangeHRMApplicationPageTestCases.OrangeHRMLogInPageTest" name="logInPageTextValidationTest" time="0.119"/>
  <testcase classname="com.OrangeHRMApplicationPageTestCases.OrangeHRMLogInPageTest" name="logInPageLogInFuncationalityTest" time="11.643"/>
</testsuite> <!-- Default test -->
