<?xml version="1.0" encoding="UTF-8"?>
<testng-results ignored="1" total="5" passed="4" failed="0" skipped="0">
  <reporter-output>
  </reporter-output>
  <suite started-at="2023-01-27T10:42:20 IST" name="Default suite" finished-at="2023-01-27T10:42:20 IST" duration-ms="111">
    <groups>
    </groups>
    <test started-at="2023-01-27T10:42:20 IST" name="Default test" finished-at="2023-01-27T10:42:20 IST" duration-ms="111">
      <class name="TestNG.Annotations1">
        <test-method signature="gmailApplicationLaunch()[pri:1, instance:TestNG.Annotations1@1fb700ee]" started-at="2023-01-27T10:42:20 IST" name="gmailApplicationLaunch" finished-at="2023-01-27T10:42:20 IST" duration-ms="9" status="PASS">
          <reporter-output>
          </reporter-output>
        </test-method> <!-- gmailApplicationLaunch -->
        <test-method signature="gmailInBoxTest()[pri:2, instance:TestNG.Annotations1@1fb700ee]" started-at="2023-01-27T10:42:20 IST" name="gmailInBoxTest" finished-at="2023-01-27T10:42:20 IST" duration-ms="3" status="PASS">
          <reporter-output>
          </reporter-output>
        </test-method> <!-- gmailInBoxTest -->
        <test-method signature="gmailComposeMailTest()[pri:3, instance:TestNG.Annotations1@1fb700ee]" started-at="2023-01-27T10:42:20 IST" name="gmailComposeMailTest" finished-at="2023-01-27T10:42:20 IST" duration-ms="7" status="PASS">
          <reporter-output>
          </reporter-output>
        </test-method> <!-- gmailComposeMailTest -->
        <test-method signature="gmailApplicationClose()[pri:5, instance:TestNG.Annotations1@1fb700ee]" started-at="2023-01-27T10:42:20 IST" name="gmailApplicationClose" finished-at="2023-01-27T10:42:20 IST" duration-ms="9" status="PASS">
          <reporter-output>
          </reporter-output>
        </test-method> <!-- gmailApplicationClose -->
      </class> <!-- TestNG.Annotations1 -->
    </test> <!-- Default test -->
  </suite> <!-- Default suite -->
</testng-results>
