<?xml version="1.0" encoding="UTF-8"?>
<!-- Generated by org.testng.reporters.JUnitXMLReporter -->
<testsuite ignored="0" hostname="DESKTOP-TOG1MPN" failures="0" tests="4" name="Default test" time="27.599" errors="0" timestamp="2023-01-30T11:36:17 IST">
  <testcase classname="com.OrangeHRMApplicationTestCases.OrangeApplicationAddEmployeeTest" name="logInPageValidationText" time="0.055"/>
  <testcase classname="com.OrangeHRMApplicationTestCases.OrangeApplicationAddEmployeeTest" name="LoginTest" time="2.693"/>
  <testcase classname="com.OrangeHRMApplicationTestCases.OrangeApplicationAddEmployeeTest" name="AddEmplyeeTest" time="17.784"/>
  <testcase classname="com.OrangeHRMApplicationTestCases.OrangeApplicationAddEmployeeTest" name="logOut" time="1.773"/>
</testsuite> <!-- Default test -->
