<?xml version="1.0" encoding="UTF-8"?>
<!-- Generated by org.testng.reporters.JUnitXMLReporter -->
<testsuite ignored="0" hostname="DESKTOP-TOG1MPN" failures="0" tests="3" name="OrangeHRMLogInTest" time="12.724" errors="0" timestamp="2023-01-28T22:09:27 IST">
  <testcase classname="com.OrangeHRMApplicationTestCases.OrangeHRM_LogInTest" name="logInPageValidationText" time="0.105"/>
  <testcase classname="com.OrangeHRMApplicationTestCases.OrangeHRM_LogInTest" name="logInTest" time="2.581"/>
  <testcase classname="com.OrangeHRMApplicationTestCases.OrangeHRM_LogInTest" name="logOut" time="1.643"/>
</testsuite> <!-- OrangeHRMLogInTest -->
