<?xml version="1.0" encoding="UTF-8"?>
<!-- Generated by org.testng.reporters.JUnitXMLReporter -->
<testsuite ignored="0" hostname="DESKTOP-TOG1MPN" failures="0" tests="4" name="OrangeHRM Application Add Employee Test" time="32.633" errors="0" timestamp="2023-01-28T22:09:47 IST">
  <testcase classname="com.OrangeHRMApplicationTestCases.OrangeApplicationAddEmployeeTest" name="logInPageValidationText" time="0.107"/>
  <testcase classname="com.OrangeHRMApplicationTestCases.OrangeApplicationAddEmployeeTest" name="LoginTest" time="4.412"/>
  <testcase classname="com.OrangeHRMApplicationTestCases.OrangeApplicationAddEmployeeTest" name="AddEmplyeeTest" time="19.066"/>
  <testcase classname="com.OrangeHRMApplicationTestCases.OrangeApplicationAddEmployeeTest" name="logOut" time="0.986"/>
</testsuite> <!-- OrangeHRM Application Add Employee Test -->
