<?xml version="1.0" encoding="UTF-8"?>
<testng-results ignored="0" total="4" passed="4" failed="0" skipped="0">
  <reporter-output>
  </reporter-output>
  <suite started-at="2023-01-30T11:35:50 IST" name="Default suite" finished-at="2023-01-30T11:36:17 IST" duration-ms="27599">
    <groups>
    </groups>
    <test started-at="2023-01-30T11:35:50 IST" name="Default test" finished-at="2023-01-30T11:36:17 IST" duration-ms="27599">
      <class name="com.OrangeHRMApplicationTestCases.OrangeApplicationAddEmployeeTest">
        <test-method is-config="true" signature="setup()[pri:0, instance:com.OrangeHRMApplicationTestCases.OrangeApplicationAddEmployeeTest@2f8dad04]" started-at="2023-01-30T11:35:50 IST" name="setup" finished-at="2023-01-30T11:35:54 IST" duration-ms="4556" status="PASS">
          <reporter-output>
          </reporter-output>
        </test-method> <!-- setup -->
        <test-method signature="logInPageValidationText()[pri:1, instance:com.OrangeHRMApplicationTestCases.OrangeApplicationAddEmployeeTest@2f8dad04]" started-at="2023-01-30T11:35:54 IST" name="logInPageValidationText" finished-at="2023-01-30T11:35:54 IST" duration-ms="55" status="PASS">
          <reporter-output>
          </reporter-output>
        </test-method> <!-- logInPageValidationText -->
        <test-method signature="LoginTest()[pri:2, instance:com.OrangeHRMApplicationTestCases.OrangeApplicationAddEmployeeTest@2f8dad04]" started-at="2023-01-30T11:35:54 IST" name="LoginTest" finished-at="2023-01-30T11:35:57 IST" duration-ms="2693" status="PASS">
          <reporter-output>
          </reporter-output>
        </test-method> <!-- LoginTest -->
        <test-method signature="AddEmplyeeTest()[pri:3, instance:com.OrangeHRMApplicationTestCases.OrangeApplicationAddEmployeeTest@2f8dad04]" started-at="2023-01-30T11:35:57 IST" name="AddEmplyeeTest" finished-at="2023-01-30T11:36:15 IST" duration-ms="17784" status="PASS">
          <reporter-output>
          </reporter-output>
        </test-method> <!-- AddEmplyeeTest -->
        <test-method signature="logOut()[pri:4, instance:com.OrangeHRMApplicationTestCases.OrangeApplicationAddEmployeeTest@2f8dad04]" started-at="2023-01-30T11:36:15 IST" name="logOut" finished-at="2023-01-30T11:36:16 IST" duration-ms="1773" status="PASS">
          <reporter-output>
          </reporter-output>
        </test-method> <!-- logOut -->
        <test-method is-config="true" signature="tearDown()[pri:0, instance:com.OrangeHRMApplicationTestCases.OrangeApplicationAddEmployeeTest@2f8dad04]" started-at="2023-01-30T11:36:16 IST" name="tearDown" finished-at="2023-01-30T11:36:17 IST" duration-ms="686" status="PASS">
          <reporter-output>
          </reporter-output>
        </test-method> <!-- tearDown -->
      </class> <!-- com.OrangeHRMApplicationTestCases.OrangeApplicationAddEmployeeTest -->
    </test> <!-- Default test -->
  </suite> <!-- Default suite -->
</testng-results>
