<?xml version="1.0" encoding="UTF-8"?>
<!-- Generated by org.testng.reporters.JUnitXMLReporter -->
<testsuite ignored="1" hostname="DESKTOP-TOG1MPN" failures="0" tests="4" name="Default test" time="0.111" errors="0" timestamp="2023-01-27T10:42:20 IST">
  <testcase classname="TestNG.Annotations1" name="gmailApplicationLaunch" time="0.009"/>
  <testcase classname="TestNG.Annotations1" name="gmailInBoxTest" time="0.003"/>
  <testcase classname="TestNG.Annotations1" name="gmailComposeMailTest" time="0.007"/>
  <testcase classname="TestNG.Annotations1" name="gmailApplicationClose" time="0.009"/>
  <testcase classname="TestNG.Annotations1" name="gmailSentMailTest" time="0.0">
    <ignored/>
  </testcase> <!-- gmailSentMailTest -->
</testsuite> <!-- Default test -->
